

> board@0.1.0 build
> NEXT_PRIVATE_LOCAL_WEBPACK=true next build

   [1m[38;2;173;127;168m▲ Next.js 15.1.2[39m[22m

[?25l [37m[1m [22m[39m Linting and checking validity of types  [36m.[39m [33m[1m⚠[22m[39m No ESLint configuration detected. Run [1m[36mnext lint[39m[22m to begin setup
[2K[1G [37m[1m [22m[39m Linting and checking validity of types  [36m..[39m[2K[1G [37m[1m [22m[39m Linting and checking validity of types  [36m...[39m[2K[1G [37m[1m [22m[39m Linting and checking validity of types  [36m.[39m[2K[1G[?25h [37m[1m [22m[39m Linting and checking validity of types     [32m[1m✓[22m[39m Linting and checking validity of types 
 [37m[1m [22m[39m Creating an optimized production build ...
[1m[34m[ Module Federation Manifest Plugin ]: Manifest will use absolute path resolution via its host at runtime, reason: publicPath='auto'[39m[22m
 [32m[1m✓[22m[39m Compiled successfully
[?25l [37m[1m [22m[39m Collecting page data  [36m.[39m[2K[1G [37m[1m [22m[39m Collecting page data  [36m..[39m[2K[1G[?25h [37m[1m [22m[39m Collecting page data     [32m[1m✓[22m[39m Collecting page data 
[?25l [37m[1m [22m[39m Generating static pages (0/3)  [36m[    ][39m[2K[1G [37m[1m [22m[39m Generating static pages (0/3)  [36m[=   ][39m[2K[1G[?25hTypeError: Cannot read properties of null (reading 'useContext')
    at t.useContext (.next/server/chunks/41-e69be7a1ce9a1581.js:1:5629)
    at g (.next/server/pages/_error.js:1:6048)
TypeError: Cannot read properties of null (reading 'useContext')
    at t.useContext (.next/server/chunks/41-e69be7a1ce9a1581.js:1:5629)
    at g (.next/server/pages/_error.js:1:6048)
Error occurred prerendering page "/500". Read more: https://nextjs.org/docs/messages/prerender-error
TypeError: Cannot read properties of null (reading 'useContext')
    at t.useContext (/Users/jayesh.bhade/Desktop/dev/personal/DrawingBoard/DrawingBoardWeb/apps/board/.next/server/chunks/41-e69be7a1ce9a1581.js:1:5629)
    at g (/Users/jayesh.bhade/Desktop/dev/personal/DrawingBoard/DrawingBoardWeb/apps/board/.next/server/pages/_error.js:1:6048)
    at Wc (/Users/jayesh.bhade/Desktop/dev/personal/DrawingBoard/DrawingBoardWeb/node_modules/react-dom/cjs/react-dom-server.browser.production.min.js:68:44)
    at Zc (/Users/jayesh.bhade/Desktop/dev/personal/DrawingBoard/DrawingBoardWeb/node_modules/react-dom/cjs/react-dom-server.browser.production.min.js:70:253)
    at Z (/Users/jayesh.bhade/Desktop/dev/personal/DrawingBoard/DrawingBoardWeb/node_modules/react-dom/cjs/react-dom-server.browser.production.min.js:76:89)
    at $c (/Users/jayesh.bhade/Desktop/dev/personal/DrawingBoard/DrawingBoardWeb/node_modules/react-dom/cjs/react-dom-server.browser.production.min.js:78:98)
    at bd (/Users/jayesh.bhade/Desktop/dev/personal/DrawingBoard/DrawingBoardWeb/node_modules/react-dom/cjs/react-dom-server.browser.production.min.js:77:404)
    at Z (/Users/jayesh.bhade/Desktop/dev/personal/DrawingBoard/DrawingBoardWeb/node_modules/react-dom/cjs/react-dom-server.browser.production.min.js:76:217)
    at $c (/Users/jayesh.bhade/Desktop/dev/personal/DrawingBoard/DrawingBoardWeb/node_modules/react-dom/cjs/react-dom-server.browser.production.min.js:78:98)
    at Zc (/Users/jayesh.bhade/Desktop/dev/personal/DrawingBoard/DrawingBoardWeb/node_modules/react-dom/cjs/react-dom-server.browser.production.min.js:71:145)
Error occurred prerendering page "/404". Read more: https://nextjs.org/docs/messages/prerender-error
TypeError: Cannot read properties of null (reading 'useContext')
    at t.useContext (/Users/jayesh.bhade/Desktop/dev/personal/DrawingBoard/DrawingBoardWeb/apps/board/.next/server/chunks/41-e69be7a1ce9a1581.js:1:5629)
    at g (/Users/jayesh.bhade/Desktop/dev/personal/DrawingBoard/DrawingBoardWeb/apps/board/.next/server/pages/_error.js:1:6048)
    at Wc (/Users/jayesh.bhade/Desktop/dev/personal/DrawingBoard/DrawingBoardWeb/node_modules/react-dom/cjs/react-dom-server.browser.production.min.js:68:44)
    at Zc (/Users/jayesh.bhade/Desktop/dev/personal/DrawingBoard/DrawingBoardWeb/node_modules/react-dom/cjs/react-dom-server.browser.production.min.js:70:253)
    at Z (/Users/jayesh.bhade/Desktop/dev/personal/DrawingBoard/DrawingBoardWeb/node_modules/react-dom/cjs/react-dom-server.browser.production.min.js:76:89)
    at $c (/Users/jayesh.bhade/Desktop/dev/personal/DrawingBoard/DrawingBoardWeb/node_modules/react-dom/cjs/react-dom-server.browser.production.min.js:78:98)
    at bd (/Users/jayesh.bhade/Desktop/dev/personal/DrawingBoard/DrawingBoardWeb/node_modules/react-dom/cjs/react-dom-server.browser.production.min.js:77:404)
    at Z (/Users/jayesh.bhade/Desktop/dev/personal/DrawingBoard/DrawingBoardWeb/node_modules/react-dom/cjs/react-dom-server.browser.production.min.js:76:217)
    at $c (/Users/jayesh.bhade/Desktop/dev/personal/DrawingBoard/DrawingBoardWeb/node_modules/react-dom/cjs/react-dom-server.browser.production.min.js:78:98)
    at Zc (/Users/jayesh.bhade/Desktop/dev/personal/DrawingBoard/DrawingBoardWeb/node_modules/react-dom/cjs/react-dom-server.browser.production.min.js:71:145)
Export encountered an error on /_error: /500, exiting the build.
 [31m[1m⨯[22m[39m Static worker exited with code: 1 and signal: null
[?25h[37;40mnpm[0m [0m[31;40mERR![0m [0m[35mLifecycle script `build` failed with error:[0m 
[0m[37;40mnpm[0m [0m[31;40mERR![0m [0m[35mError: command failed[0m 
[0m[37;40mnpm[0m [0m[31;40mERR![0m [0m[35m  in workspace: board@0.1.0[0m 
[0m[37;40mnpm[0m [0m[31;40mERR![0m [0m[35m  at location: /Users/jayesh.bhade/Desktop/dev/personal/DrawingBoard/DrawingBoardWeb/apps/board[0m 
[0m
